<?xml version="1.0" encoding="UTF-8"?>
<!-- Generated by org.testng.reporters.JUnitReportReporter -->
<testsuite hostname="LTIN591497" failures="0" tests="1" name="newbike.dummy" time="106.515" errors="0" timestamp="2025-06-06T17:03:25 IST" skipped="0">
  <testcase classname="newbike.dummy" name="chrome" time="106.515"/>
  <system-out/>
</testsuite> <!-- newbike.dummy -->
