<?xml version="1.0" encoding="UTF-8"?>
<!-- Generated by org.testng.reporters.JUnitReportReporter -->
<testsuite hostname="LTIN591497" failures="0" tests="1" name="newbike.Bike" time="75.660" errors="0" timestamp="2025-06-06T12:22:17 IST" skipped="0">
  <testcase classname="newbike.Bike" name="chrome" time="75.660"/>
  <system-out/>
</testsuite> <!-- newbike.Bike -->
